<?xml version="1.0" encoding="UTF-8"?>
<testsuite xmlns:xsi="http://www.w3.org/2001/XMLSchema-instance" xsi:noNamespaceSchemaLocation="https://maven.apache.org/surefire/maven-surefire-plugin/xsd/surefire-test-report.xsd" version="3.0.2" name="ru.yandex.practicum.bank.notifications.api.NotificationsControllerIntegrationTest" time="0.042" tests="3" errors="0" skipped="0" failures="0">
  <properties>
[...]
</properties>
  <testcase name="notify_invalidAmount_returns400" classname="ru.yandex.practicum.bank.notifications.api.NotificationsControllerIntegrationTest" time="0.018">
    <system-out><![CDATA[2026-03-14T09:03:52.287+03:00  INFO 462581 --- [           main] t.c.s.AnnotationConfigContextLoaderUtils : Could not detect default configuration classes for test class [ru.yandex.practicum.bank.notifications.api.NotificationsControllerIntegrationTest]: NotificationsControllerIntegrationTest does not declare any static, non-private, non-final, nested classes annotated with @Configuration.
2026-03-14T09:03:52.292+03:00  INFO 462581 --- [           main] .b.t.c.SpringBootTestContextBootstrapper : Found @SpringBootConfiguration ru.yandex.practicum.bank.notifications.NotificationsApplication for test class ru.yandex.practicum.bank.notifications.api.NotificationsControllerIntegrationTest
2026-03-14T09:03:52.308+03:00  WARN 462581 --- [           main] .w.s.m.s.DefaultHandlerExceptionResolver : Resolved [org.springframework.web.bind.MethodArgumentNotValidException: Validation failed for argument [0] in public void ru.yandex.practicum.bank.notifications.api.NotificationsController.notify(ru.yandex.practicum.bank.notifications.api.dto.NotificationRequest): [Field error in object 'notificationRequest' on field 'amount': rejected value [-10]; codes [PositiveOrZero.notificationRequest.amount,PositiveOrZero.amount,PositiveOrZero.long,PositiveOrZero]; arguments [org.springframework.context.support.DefaultMessageSourceResolvable: codes [notificationRequest.amount,amount]; arguments []; default message [amount]]; default message [must be greater than or equal to 0]] ]
]]></system-out>
  </testcase>
  <testcase name="notify_validRequest_returns200" classname="ru.yandex.practicum.bank.notifications.api.NotificationsControllerIntegrationTest" time="0.006">
    <system-out><![CDATA[2026-03-14T09:03:52.317+03:00  INFO 462581 --- [           main] r.y.p.b.n.api.NotificationsController    : Notification: type=CASH_IN amount=500 actor=user1 target=null at=2026-01-01T12:00Z
]]></system-out>
  </testcase>
  <testcase name="notify_missingType_returns400" classname="ru.yandex.practicum.bank.notifications.api.NotificationsControllerIntegrationTest" time="0.007">
    <system-out><![CDATA[2026-03-14T09:03:52.325+03:00  WARN 462581 --- [           main] .w.s.m.s.DefaultHandlerExceptionResolver : Resolved [org.springframework.web.bind.MethodArgumentNotValidException: Validation failed for argument [0] in public void ru.yandex.practicum.bank.notifications.api.NotificationsController.notify(ru.yandex.practicum.bank.notifications.api.dto.NotificationRequest): [Field error in object 'notificationRequest' on field 'type': rejected value [null]; codes [NotNull.notificationRequest.type,NotNull.type,NotNull.ru.yandex.practicum.bank.notifications.api.dto.NotificationType,NotNull]; arguments [org.springframework.context.support.DefaultMessageSourceResolvable: codes [notificationRequest.type,type]; arguments []; default message [type]]; default message [must not be null]] ]
]]></system-out>
  </testcase>
</testsuite>