<?xml version="1.0" encoding="UTF-8"?>
<testsuite xmlns:xsi="http://www.w3.org/2001/XMLSchema-instance" xsi:noNamespaceSchemaLocation="https://maven.apache.org/surefire/maven-surefire-plugin/xsd/surefire-test-report.xsd" version="3.0.2" name="ru.yandex.practicum.bank.notifications.NotificationsApplicationTests" time="0.394" tests="1" errors="0" skipped="0" failures="0">
  <properties>
[...]
</properties>
  <testcase name="contextLoads" classname="ru.yandex.practicum.bank.notifications.NotificationsApplicationTests" time="0.005">
    <system-out><![CDATA[2026-03-14T09:03:52.331+03:00  INFO 462581 --- [           main] t.c.s.AnnotationConfigContextLoaderUtils : Could not detect default configuration classes for test class [ru.yandex.practicum.bank.notifications.NotificationsApplicationTests]: NotificationsApplicationTests does not declare any static, non-private, non-final, nested classes annotated with @Configuration.
2026-03-14T09:03:52.334+03:00  INFO 462581 --- [           main] .b.t.c.SpringBootTestContextBootstrapper : Found @SpringBootConfiguration ru.yandex.practicum.bank.notifications.NotificationsApplication for test class ru.yandex.practicum.bank.notifications.NotificationsApplicationTests

  .   ____          _            __ _ _
 /\\ / ___'_ __ _ _(_)_ __  __ _ \ \ \ \
( ( )\___ | '_ | '_| | '_ \/ _` | \ \ \ \
 \\/  ___)| |_)| | | | | || (_| |  ) ) ) )
  '  |____| .__|_| |_|_| |_\__, | / / / /
 =========|_|==============|___/=/_/_/_/

 :: Spring Boot ::                (v3.5.7)

2026-03-14T09:03:52.356+03:00  INFO 462581 --- [           main] r.y.p.b.n.NotificationsApplicationTests  : Starting NotificationsApplicationTests using Java 22.0.2 with PID 462581 (started by ebudaev in /home/ebudaev/Documents/Others/MyProjects/Yandex/module9/java-practicum-my-bank-app/notifications)
2026-03-14T09:03:52.356+03:00  INFO 462581 --- [           main] r.y.p.b.n.NotificationsApplicationTests  : No active profile set, falling back to 1 default profile: "default"
2026-03-14T09:03:52.520+03:00  INFO 462581 --- [           main] o.s.cloud.context.scope.GenericScope     : BeanFactory id=51397c28-00f4-3156-a2a3-1ec426ae37f5
2026-03-14T09:03:52.624+03:00  INFO 462581 --- [           main] o.s.b.a.e.web.EndpointLinksResolver      : Exposing 1 endpoint beneath base path '/actuator'
2026-03-14T09:03:52.704+03:00  WARN 462581 --- [           main] iguration$LoadBalancerCaffeineWarnLogger : Spring Cloud LoadBalancer is currently working with the default cache. While this cache implementation is useful for development and tests, it's recommended to use Caffeine cache in production.You can switch to using Caffeine cache, by adding it and org.springframework.cache.caffeine.CaffeineCacheManager to the classpath.
2026-03-14T09:03:52.717+03:00  INFO 462581 --- [           main] r.y.p.b.n.NotificationsApplicationTests  : Started NotificationsApplicationTests in 0.381 seconds (process running for 3.528)
]]></system-out>
  </testcase>
</testsuite>