<?xml version="1.0" encoding="UTF-8"?>
<testsuite xmlns:xsi="http://www.w3.org/2001/XMLSchema-instance" xsi:noNamespaceSchemaLocation="https://maven.apache.org/surefire/maven-surefire-plugin/xsd/surefire-test-report.xsd" version="3.0.2" name="ru.yandex.practicum.bank.transfer.service.TransferServiceTest" time="0.253" tests="7" errors="0" skipped="0" failures="0">
  <properties>
[...]
</properties>
  <testcase name="transfer_nullRecipient_throwsException" classname="ru.yandex.practicum.bank.transfer.service.TransferServiceTest" time="0.194"/>
  <testcase name="transfer_blankRecipient_throwsException" classname="ru.yandex.practicum.bank.transfer.service.TransferServiceTest" time="0.007"/>
  <testcase name="transfer_negativeAmount_throwsException" classname="ru.yandex.practicum.bank.transfer.service.TransferServiceTest" time="0.006"/>
  <testcase name="transfer_success" classname="ru.yandex.practicum.bank.transfer.service.TransferServiceTest" time="0.014"/>
  <testcase name="transfer_selfTransfer_throwsException" classname="ru.yandex.practicum.bank.transfer.service.TransferServiceTest" time="0.005"/>
  <testcase name="transfer_depositFails_rollsBackWithdrawal" classname="ru.yandex.practicum.bank.transfer.service.TransferServiceTest" time="0.011"/>
  <testcase name="transfer_zeroAmount_throwsException" classname="ru.yandex.practicum.bank.transfer.service.TransferServiceTest" time="0.005"/>
</testsuite>