<?xml version="1.0" encoding="UTF-8"?>
<testsuite xmlns:xsi="http://www.w3.org/2001/XMLSchema-instance" xsi:noNamespaceSchemaLocation="https://maven.apache.org/surefire/maven-surefire-plugin/xsd/surefire-test-report.xsd" version="3.0.2" name="ru.yandex.practicum.bank.accounts.AccountsApplicationTests" time="1.564" tests="1" errors="0" skipped="0" failures="0">
  <properties>
[...]
</properties>
  <testcase name="contextLoads" classname="ru.yandex.practicum.bank.accounts.AccountsApplicationTests" time="0.012">
    <system-out><![CDATA[2026-03-14T09:03:29.645+03:00  INFO 462011 --- [           main] t.c.s.AnnotationConfigContextLoaderUtils : Could not detect default configuration classes for test class [ru.yandex.practicum.bank.accounts.AccountsApplicationTests]: AccountsApplicationTests does not declare any static, non-private, non-final, nested classes annotated with @Configuration.
2026-03-14T09:03:29.661+03:00  INFO 462011 --- [           main] .b.t.c.SpringBootTestContextBootstrapper : Found @SpringBootConfiguration ru.yandex.practicum.bank.accounts.AccountsApplication for test class ru.yandex.practicum.bank.accounts.AccountsApplicationTests

  .   ____          _            __ _ _
 /\\ / ___'_ __ _ _(_)_ __  __ _ \ \ \ \
( ( )\___ | '_ | '_| | '_ \/ _` | \ \ \ \
 \\/  ___)| |_)| | | | | || (_| |  ) ) ) )
  '  |____| .__|_| |_|_| |_\__, | / / / /
 =========|_|==============|___/=/_/_/_/

 :: Spring Boot ::                (v3.5.7)

2026-03-14T09:03:29.748+03:00  INFO 462011 --- [           main] r.y.p.b.a.AccountsApplicationTests       : Starting AccountsApplicationTests using Java 22.0.2 with PID 462011 (started by ebudaev in /home/ebudaev/Documents/Others/MyProjects/Yandex/module9/java-practicum-my-bank-app/accounts)
2026-03-14T09:03:29.749+03:00  INFO 462011 --- [           main] r.y.p.b.a.AccountsApplicationTests       : No active profile set, falling back to 1 default profile: "default"
2026-03-14T09:03:30.238+03:00  INFO 462011 --- [           main] .s.d.r.c.RepositoryConfigurationDelegate : Bootstrapping Spring Data JDBC repositories in DEFAULT mode.
2026-03-14T09:03:30.249+03:00  INFO 462011 --- [           main] .s.d.r.c.RepositoryConfigurationDelegate : Finished Spring Data repository scanning in 9 ms. Found 1 JDBC repository interface.
2026-03-14T09:03:30.382+03:00  INFO 462011 --- [           main] o.s.cloud.context.scope.GenericScope     : BeanFactory id=7788ee7a-9799-32e9-9df8-4fd12ce6e880
2026-03-14T09:03:30.516+03:00  INFO 462011 --- [           main] com.zaxxer.hikari.HikariDataSource       : HikariPool-2 - Starting...
2026-03-14T09:03:30.519+03:00  INFO 462011 --- [           main] com.zaxxer.hikari.pool.HikariPool        : HikariPool-2 - Added connection conn10: url=jdbc:h2:mem:testdb user=SA
2026-03-14T09:03:30.520+03:00  INFO 462011 --- [           main] com.zaxxer.hikari.HikariDataSource       : HikariPool-2 - Start completed.
2026-03-14T09:03:30.923+03:00  INFO 462011 --- [           main] o.s.b.a.e.web.EndpointLinksResolver      : Exposing 1 endpoint beneath base path '/actuator'
2026-03-14T09:03:31.154+03:00  WARN 462011 --- [           main] iguration$LoadBalancerCaffeineWarnLogger : Spring Cloud LoadBalancer is currently working with the default cache. While this cache implementation is useful for development and tests, it's recommended to use Caffeine cache in production.You can switch to using Caffeine cache, by adding it and org.springframework.cache.caffeine.CaffeineCacheManager to the classpath.
2026-03-14T09:03:31.187+03:00  INFO 462011 --- [           main] r.y.p.b.a.AccountsApplicationTests       : Started AccountsApplicationTests in 1.514 seconds (process running for 6.841)
]]></system-out>
  </testcase>
</testsuite>