<?xml version="1.0" encoding="UTF-8"?>
<testsuite xmlns:xsi="http://www.w3.org/2001/XMLSchema-instance" xsi:noNamespaceSchemaLocation="https://maven.apache.org/surefire/maven-surefire-plugin/xsd/surefire-test-report.xsd" version="3.0.2" name="ru.yandex.practicum.bank.gateway.GatewayApplicationTests" time="2.923" tests="1" errors="0" skipped="0" failures="0">
  <properties>
[...]
</properties>
  <testcase name="contextLoads" classname="ru.yandex.practicum.bank.gateway.GatewayApplicationTests" time="0.368">
    <system-out><![CDATA[Standard Commons Logging discovery in action with spring-jcl: please remove commons-logging.jar from classpath in order to avoid potential conflicts
09:03:18.762 [main] INFO org.springframework.test.context.support.AnnotationConfigContextLoaderUtils -- Could not detect default configuration classes for test class [ru.yandex.practicum.bank.gateway.GatewayApplicationTests]: GatewayApplicationTests does not declare any static, non-private, non-final, nested classes annotated with @Configuration.
09:03:18.821 [main] INFO org.springframework.boot.test.context.SpringBootTestContextBootstrapper -- Found @SpringBootConfiguration ru.yandex.practicum.bank.gateway.GatewayApplication for test class ru.yandex.practicum.bank.gateway.GatewayApplicationTests

  .   ____          _            __ _ _
 /\\ / ___'_ __ _ _(_)_ __  __ _ \ \ \ \
( ( )\___ | '_ | '_| | '_ \/ _` | \ \ \ \
 \\/  ___)| |_)| | | | | || (_| |  ) ) ) )
  '  |____| .__|_| |_|_| |_\__, | / / / /
 =========|_|==============|___/=/_/_/_/

 :: Spring Boot ::                (v3.5.7)

2026-03-14T09:03:19.235+03:00  INFO 461798 --- [gateway] [           main] r.y.p.b.gateway.GatewayApplicationTests  : Starting GatewayApplicationTests using Java 22.0.2 with PID 461798 (started by ebudaev in /home/ebudaev/Documents/Others/MyProjects/Yandex/module9/java-practicum-my-bank-app/gateway)
2026-03-14T09:03:19.236+03:00  INFO 461798 --- [gateway] [           main] r.y.p.b.gateway.GatewayApplicationTests  : No active profile set, falling back to 1 default profile: "default"
2026-03-14T09:03:20.184+03:00  INFO 461798 --- [gateway] [           main] o.s.cloud.context.scope.GenericScope     : BeanFactory id=b8cacf04-7c35-39b8-92c2-db15d4e4664c
2026-03-14T09:03:20.865+03:00  INFO 461798 --- [gateway] [           main] o.s.c.g.r.RouteDefinitionRouteLocator    : Loaded RoutePredicateFactory [After]
2026-03-14T09:03:20.866+03:00  INFO 461798 --- [gateway] [           main] o.s.c.g.r.RouteDefinitionRouteLocator    : Loaded RoutePredicateFactory [Before]
2026-03-14T09:03:20.866+03:00  INFO 461798 --- [gateway] [           main] o.s.c.g.r.RouteDefinitionRouteLocator    : Loaded RoutePredicateFactory [Between]
2026-03-14T09:03:20.866+03:00  INFO 461798 --- [gateway] [           main] o.s.c.g.r.RouteDefinitionRouteLocator    : Loaded RoutePredicateFactory [Cookie]
2026-03-14T09:03:20.866+03:00  INFO 461798 --- [gateway] [           main] o.s.c.g.r.RouteDefinitionRouteLocator    : Loaded RoutePredicateFactory [Header]
2026-03-14T09:03:20.866+03:00  INFO 461798 --- [gateway] [           main] o.s.c.g.r.RouteDefinitionRouteLocator    : Loaded RoutePredicateFactory [Host]
2026-03-14T09:03:20.866+03:00  INFO 461798 --- [gateway] [           main] o.s.c.g.r.RouteDefinitionRouteLocator    : Loaded RoutePredicateFactory [Method]
2026-03-14T09:03:20.866+03:00  INFO 461798 --- [gateway] [           main] o.s.c.g.r.RouteDefinitionRouteLocator    : Loaded RoutePredicateFactory [Path]
2026-03-14T09:03:20.866+03:00  INFO 461798 --- [gateway] [           main] o.s.c.g.r.RouteDefinitionRouteLocator    : Loaded RoutePredicateFactory [Query]
2026-03-14T09:03:20.866+03:00  INFO 461798 --- [gateway] [           main] o.s.c.g.r.RouteDefinitionRouteLocator    : Loaded RoutePredicateFactory [ReadBody]
2026-03-14T09:03:20.866+03:00  INFO 461798 --- [gateway] [           main] o.s.c.g.r.RouteDefinitionRouteLocator    : Loaded RoutePredicateFactory [RemoteAddr]
2026-03-14T09:03:20.866+03:00  INFO 461798 --- [gateway] [           main] o.s.c.g.r.RouteDefinitionRouteLocator    : Loaded RoutePredicateFactory [XForwardedRemoteAddr]
2026-03-14T09:03:20.866+03:00  INFO 461798 --- [gateway] [           main] o.s.c.g.r.RouteDefinitionRouteLocator    : Loaded RoutePredicateFactory [Weight]
2026-03-14T09:03:20.866+03:00  INFO 461798 --- [gateway] [           main] o.s.c.g.r.RouteDefinitionRouteLocator    : Loaded RoutePredicateFactory [CloudFoundryRouteService]
2026-03-14T09:03:20.991+03:00  INFO 461798 --- [gateway] [           main] o.s.b.a.e.web.EndpointLinksResolver      : Exposing 2 endpoints beneath base path '/actuator'
2026-03-14T09:03:21.147+03:00  WARN 461798 --- [gateway] [           main] iguration$LoadBalancerCaffeineWarnLogger : Spring Cloud LoadBalancer is currently working with the default cache. While this cache implementation is useful for development and tests, it's recommended to use Caffeine cache in production.You can switch to using Caffeine cache, by adding it and org.springframework.cache.caffeine.CaffeineCacheManager to the classpath.
2026-03-14T09:03:21.220+03:00  INFO 461798 --- [gateway] [           main] r.y.p.b.gateway.GatewayApplicationTests  : Started GatewayApplicationTests in 2.221 seconds (process running for 2.845)
2026-03-14T09:03:21.224+03:00  WARN 461798 --- [gateway] [           main] ServerWebfluxPropertiesMigrationListener : 
The use of configuration keys that have been renamed was found in the environment:

Property source 'Config resource 'class path resource [application.yml]' via location 'optional:classpath:/'':
	Key: spring.cloud.gateway.default-filters[0]
		Line: 31
		Replacement: spring.cloud.gateway.server.webflux.default-filters[0]


Each configuration key has been temporarily mapped to its replacement for your convenience. To silence this warning, please update your configuration to use the new keys.

2026-03-14T09:03:21.225+03:00  WARN 461798 --- [gateway] [           main] o.s.b.c.p.m.PropertiesMigrationListener  : 
The use of configuration keys that have been renamed was found in the environment:

Property source 'Config resource 'class path resource [application.yml]' via location 'optional:classpath:/'':
	Key: spring.cloud.gateway.discovery.locator.enabled
		Line: 28
		Replacement: spring.cloud.gateway.server.webflux.discovery.locator.enabled
	Key: spring.cloud.gateway.discovery.locator.lower-case-service-id
		Line: 29
		Replacement: spring.cloud.gateway.server.webflux.discovery.locator.lower-case-service-id


Each configuration key has been temporarily mapped to its replacement for your convenience. To silence this warning, please update your configuration to use the new keys.

2026-03-14T09:03:21.225+03:00 ERROR 461798 --- [gateway] [           main] o.s.b.c.p.m.PropertiesMigrationListener  : 
The use of configuration keys that are no longer supported was found in the environment:

Property source 'Config resource 'class path resource [application.yml]' via location 'optional:classpath:/'':
	Key: spring.cloud.consul.config.prefix
		Line: 14
		Reason: replaced to support multiple prefixes


Please refer to the release notes or reference guide for potential alternatives.

]]></system-out>
    <system-err><![CDATA[Mockito is currently self-attaching to enable the inline-mock-maker. This will no longer work in future releases of the JDK. Please add Mockito as an agent to your build as described in Mockito's documentation: https://javadoc.io/doc/org.mockito/mockito-core/latest/org.mockito/org/mockito/Mockito.html#0.3
WARNING: A Java agent has been loaded dynamically (/home/ebudaev/.m2/repository/net/bytebuddy/byte-buddy-agent/1.17.8/byte-buddy-agent-1.17.8.jar)
WARNING: If a serviceability tool is in use, please run with -XX:+EnableDynamicAgentLoading to hide this warning
WARNING: If a serviceability tool is not in use, please run with -Djdk.instrument.traceUsage for more information
WARNING: Dynamic loading of agents will be disallowed by default in a future release
]]></system-err>
  </testcase>
</testsuite>